[debug] ----------------------------------------------------------------------
[debug] Command:      C:\Program Files\nodejs\node.exe C:\Users\rwurth\AppData\Roaming\npm\node_modules\firebase-tools\bin\firebase serve
[debug] CLI Version:  3.6.1
[debug] Platform:     win32
[debug] Node Version: v6.9.3
[debug] Time:         Mon May 08 2017 09:24:33 GMT-0600 (Mountain Daylight Time)
[debug] ----------------------------------------------------------------------
[debug] 
[debug] > command requires scopes: ["email","openid","https://www.googleapis.com/auth/cloudplatformprojects.readonly","https://www.googleapis.com/auth/firebase","https://www.googleapis.com/auth/cloud-platform"]
[debug] >>> HTTP REQUEST GET https://admin.firebase.com/v1/projects/werewolf-6f4e7  
 Mon May 08 2017 09:24:33 GMT-0600 (Mountain Daylight Time)
[debug] <<< HTTP RESPONSE 200
[debug] >>> HTTP REQUEST GET https://admin.firebase.com/v1/database/werewolf-6f4e7/tokens  
 Mon May 08 2017 09:24:34 GMT-0600 (Mountain Daylight Time)
[debug] <<< HTTP RESPONSE 200
[info] Starting Firebase development server...
[info] 
[info] Project Directory: C:\Users\rwurth\Documents\Programming\personal\firebase-werewolf
[debug] >>> HTTP REQUEST GET https://cloudresourcemanager.googleapis.com/v1/projects/werewolf-6f4e7  
 Mon May 08 2017 09:24:34 GMT-0600 (Mountain Daylight Time)
[debug] <<< HTTP RESPONSE 200
[debug] >>> HTTP REQUEST GET https://mobilesdk-pa.googleapis.com/v1/projects/989236886770/clients/_:getWebAppConfig  
 Mon May 08 2017 09:24:34 GMT-0600 (Mountain Daylight Time)
[debug] <<< HTTP RESPONSE 200
[info] Public Directory: public
[info] 
[info] Server listening at: http://localhost:5000
